<?xml version="1.0" encoding="UTF-8"?>
<!-- Generated by org.testng.reporters.JUnitReportReporter -->
<testsuite hostname="Admin-PC" failures="0" tests="1" name="test.FDCalculatorTest" time="16.450" errors="0" timestamp="07 Oct 2020 07:24:09 GMT" skipped="0">
  <testcase classname="test.FDCalculatorTest" name="fdCalculatorTest" time="16.450"/>
</testsuite> <!-- test.FDCalculatorTest -->
